\BOOKMARK [0][-]{section*.1}{\315ndice general}{}% 1
\BOOKMARK [0][-]{section*.2}{\315ndice de figuras}{}% 2
\BOOKMARK [0][-]{section*.3}{\315ndice de tablas}{}% 3
\BOOKMARK [0][-]{chapter.1}{Introducci\363n}{}% 4
\BOOKMARK [1][-]{section.1.1}{Motivaci\363n}{chapter.1}% 5
\BOOKMARK [1][-]{section.1.2}{Repaso del proyecto anterior}{chapter.1}% 6
\BOOKMARK [1][-]{section.1.3}{Objetivo}{chapter.1}% 7
\BOOKMARK [1][-]{section.1.4}{Estructura de la memoria}{chapter.1}% 8
\BOOKMARK [0][-]{chapter.2}{Servicio en la nube}{}% 9
\BOOKMARK [1][-]{section.2.1}{Servicios en la nube actualmente}{chapter.2}% 10
\BOOKMARK [1][-]{section.2.2}{Google Cloud Services}{chapter.2}% 11
\BOOKMARK [1][-]{section.2.3}{Servidor de diabetes}{chapter.2}% 12
\BOOKMARK [2][-]{subsection.2.3.1}{HTTP}{section.2.3}% 13
\BOOKMARK [2][-]{subsection.2.3.2}{REST}{section.2.3}% 14
\BOOKMARK [2][-]{subsection.2.3.3}{HTTP y REST en este proyecto}{section.2.3}% 15
\BOOKMARK [1][-]{section.2.4}{MQTT}{chapter.2}% 16
\BOOKMARK [2][-]{subsection.2.4.1}{Introducci\363n a MQTT}{section.2.4}% 17
\BOOKMARK [2][-]{subsection.2.4.2}{MQTT en este proyecto}{section.2.4}% 18
\BOOKMARK [1][-]{section.2.5}{Librer\355a para el c\341lculo diferencial}{chapter.2}% 19
\BOOKMARK [0][-]{chapter.3}{C\363digo en NAO}{}% 20
\BOOKMARK [0][-]{chapter.4}{Aplicaci\363n Java}{}% 21
\BOOKMARK [0][-]{chapter.5}{Relaci\363n entre los componentes}{}% 22
\BOOKMARK [1][-]{section.5.1}{?? ???? ???? ? ?? ??}{chapter.5}% 23
\BOOKMARK [0][-]{chapter.6}{Conclusions}{}% 24
\BOOKMARK [1][-]{section.6.1}{Mejoras}{chapter.6}% 25
\BOOKMARK [1][-]{section.6.2}{Conclusiones}{chapter.6}% 26
\BOOKMARK [0][-]{chapter*.15}{Bibliograf\355a}{}% 27
\BOOKMARK [0][-]{appendix.Alph1}{Configuraci\363 del sistema}{}% 28
\BOOKMARK [1][-]{section.Alph1.1}{Fase d'inicialitzaci\363}{appendix.Alph1}% 29
\BOOKMARK [1][-]{section.Alph1.2}{Identificaci\363 de dispositius}{appendix.Alph1}% 30
\BOOKMARK [0][-]{appendix.Alph2}{??? ???????????? ????}{}% 31
